1735903833,,,/home/noon/Downloads/Gastroenterology @boardsandbeyond1Plab/1. Esophagus and Stomach/1.Esophageal Disorders.mkv,124
1735908699,,,/mnt/win-noon/Downloads/AyuGram Desktop/@boardsandbeyond1Plab Gastroenterology part 4/@boardsandbeyond1Plab Gastroenterology/Gastroenterology @boardsandbeyond1Plab/1. Esophagus and Stomach/2.GERD and Esophageal Cancer.mkv,234
1735912583,,,/mnt/win-noon/Downloads/AyuGram Desktop/@boardsandbeyond1Plab Gastroenterology part 4/@boardsandbeyond1Plab Gastroenterology/Gastroenterology @boardsandbeyond1Plab/1. Esophagus and Stomach/3.Gastric Disorders.mkv,225
1735912592,,,/mnt/win-noon/Downloads/AyuGram Desktop/@boardsandbeyond1Plab Gastroenterology part 4/@boardsandbeyond1Plab Gastroenterology/Gastroenterology @boardsandbeyond1Plab/1. Esophagus and Stomach/2.GERD and Esophageal Cancer.mkv,234
1735919564,,,/mnt/win-noon/Downloads/AyuGram Desktop/@boardsandbeyond1Plab Gastroenterology part 4/@boardsandbeyond1Plab Gastroenterology/Gastroenterology @boardsandbeyond1Plab/1. Esophagus and Stomach/3.Gastric Disorders.mkv,225
1735926635,,,/mnt/win-noon/Downloads/AyuGram Desktop/@boardsandbeyond1Plab Gastroenterology part 4/@boardsandbeyond1Plab Gastroenterology/Gastroenterology @boardsandbeyond1Plab/1. Esophagus and Stomach/4.Gastric Cancer.mkv,222
1736013937,,,/mnt/win-noon/Downloads/AyuGram Desktop/@boardsandbeyond1Plab Gastroenterology part 4/@boardsandbeyond1Plab Gastroenterology/Gastroenterology @boardsandbeyond1Plab/4. Intestines/3.Small Bowel Disease.mkv,216
1736014828,,,/mnt/win-noon/Downloads/AyuGram Desktop/@boardsandbeyond1Plab Gastroenterology part 4/@boardsandbeyond1Plab Gastroenterology/Gastroenterology @boardsandbeyond1Plab/4. Intestines/4.Inflammatory Bowel Disease.mkv,223
1736014842,,,/mnt/win-noon/Downloads/AyuGram Desktop/@boardsandbeyond1Plab Gastroenterology part 4/@boardsandbeyond1Plab Gastroenterology/Gastroenterology @boardsandbeyond1Plab/4. Intestines/3.Small Bowel Disease.mkv,216
1736095562,,,/mnt/win-noon/Downloads/AyuGram Desktop/@boardsandbeyond1Plab Gastroenterology part 4/@boardsandbeyond1Plab Gastroenterology/Gastroenterology @boardsandbeyond1Plab/4. Intestines/3.Small Bowel Disease.mkv,216
1736096950,,,/mnt/win-noon/Downloads/AyuGram Desktop/@boardsandbeyond1Plab Gastroenterology part 4/@boardsandbeyond1Plab Gastroenterology/Gastroenterology @boardsandbeyond1Plab/4. Intestines/3.Small Bowel Disease.mkv,216
1736191211,,,/mnt/win-noon/Downloads/AyuGram Desktop/@boardsandbeyond1Plab Gastroenterology part 4/@boardsandbeyond1Plab Gastroenterology/Gastroenterology @boardsandbeyond1Plab/4. Intestines/3.Small Bowel Disease.mkv,216
1736255276,,,/mnt/win-noon/Downloads/AyuGram Desktop/@boardsandbeyond1Plab Gastroenterology part 4/@boardsandbeyond1Plab Gastroenterology/Gastroenterology @boardsandbeyond1Plab/4. Intestines/3.Small Bowel Disease.mkv,216
1736337507,,,/mnt/win-noon/Downloads/AyuGram Desktop/@boardsandbeyond1Plab Gastroenterology part 4/@boardsandbeyond1Plab Gastroenterology/Gastroenterology @boardsandbeyond1Plab/2. Liver/3. Cirrhosis.mkv,202
1736338512,,,/mnt/win-noon/Downloads/AyuGram Desktop/@boardsandbeyond1Plab Gastroenterology part 4/@boardsandbeyond1Plab Gastroenterology/Gastroenterology @boardsandbeyond1Plab/2. Liver/4.Viral Hepatitis.mkv,207
1736360712,,,/mnt/win-noon/Downloads/AyuGram Desktop/@boardsandbeyond1Plab Gastroenterology part 4/@boardsandbeyond1Plab Gastroenterology/Gastroenterology @boardsandbeyond1Plab/2. Liver/2.Liver Masses.mkv,204
1736367935,,,/mnt/win-noon/Downloads/AyuGram Desktop/@boardsandbeyond1Plab Gastroenterology part 4/@boardsandbeyond1Plab Gastroenterology/Gastroenterology @boardsandbeyond1Plab/3. Biliary Tree and Pancreas/2.gallstone Disease.mkv,229
1736374184,,,/mnt/win-noon/Downloads/AyuGram Desktop/@boardsandbeyond1Plab Gastroenterology part 4/@boardsandbeyond1Plab Gastroenterology/Gastroenterology @boardsandbeyond1Plab/3. Biliary Tree and Pancreas/3.Pancreatic Cancer.mkv,229
1736374727,,,/mnt/win-noon/Downloads/AyuGram Desktop/@boardsandbeyond1Plab Gastroenterology part 4/@boardsandbeyond1Plab Gastroenterology/Gastroenterology @boardsandbeyond1Plab/3. Biliary Tree and Pancreas/1.Biliary Disease.mkv,227
1736376478,,,/mnt/win-noon/Downloads/AyuGram Desktop/@boardsandbeyond1Plab Gastroenterology part 4/@boardsandbeyond1Plab Gastroenterology/Gastroenterology @boardsandbeyond1Plab/3. Biliary Tree and Pancreas/2.gallstone Disease.mkv,229
1736379733,,,/mnt/win-noon/Downloads/AyuGram Desktop/@boardsandbeyond1Plab Gastroenterology part 4/@boardsandbeyond1Plab Gastroenterology/Gastroenterology @boardsandbeyond1Plab/3. Biliary Tree and Pancreas/4.Pancreatitis.mkv,224
1736381418,,,/mnt/win-noon/Downloads/AyuGram Desktop/@boardsandbeyond1Plab Gastroenterology part 4/@boardsandbeyond1Plab Gastroenterology/Gastroenterology @boardsandbeyond1Plab/3. Biliary Tree and Pancreas/3.Pancreatic Cancer.mkv,229
1736388455,,,/mnt/win-noon/Downloads/AyuGram Desktop/@boardsandbeyond1Plab Gastroenterology part 4/@boardsandbeyond1Plab Gastroenterology/Gastroenterology @boardsandbeyond1Plab/4. Intestines/2.Colorectal Disease.mkv,215
1736390830,,,/mnt/win-noon/Downloads/AyuGram Desktop/@boardsandbeyond1Plab Gastroenterology part 4/@boardsandbeyond1Plab Gastroenterology/Gastroenterology @boardsandbeyond1Plab/4. Intestines/4.Inflammatory Bowel Disease.mkv,223
1736395450,,,/mnt/win-noon/Downloads/AyuGram Desktop/@boardsandbeyond1Plab Gastroenterology part 4/@boardsandbeyond1Plab Gastroenterology/Gastroenterology @boardsandbeyond1Plab/4. Intestines/1.Colon Cancer.mkv,209
1736396756,,,/mnt/win-noon/Downloads/AyuGram Desktop/@boardsandbeyond1Plab Gastroenterology part 4/@boardsandbeyond1Plab Gastroenterology/Gastroenterology @boardsandbeyond1Plab/4. Intestines/2.Colorectal Disease.mkv,215
1736694919,,,/mnt/win-noon/Downloads/AyuGram Desktop/@boardsandbeyond1Plab Gastroenterology part 4/@boardsandbeyond1Plab Gastroenterology/Gastroenterology @boardsandbeyond1Plab/2. Liver/1.Liver Disease.mkv,205
1736780531,,,/mnt/win-noon/Downloads/AyuGram Desktop/@boardsandbeyond1Plab Gastroenterology part 4/@boardsandbeyond1Plab Gastroenterology/Gastroenterology @boardsandbeyond1Plab/2. Liver/2.Liver Masses.mkv,204
1736785939,,,/mnt/win-noon/Downloads/AyuGram Desktop/@boardsandbeyond1Plab Gastroenterology part 4/@boardsandbeyond1Plab Gastroenterology/Gastroenterology @boardsandbeyond1Plab/2. Liver/4.Viral Hepatitis.mkv,207
1736793979,,,/mnt/win-noon/Downloads/AyuGram Desktop/@boardsandbeyond1Plab Gastroenterology part 4/@boardsandbeyond1Plab Gastroenterology/Gastroenterology @boardsandbeyond1Plab/2. Liver/5.Hyperbilirubinemia.mkv,210
1736801141,,,/mnt/win-noon/Downloads/AyuGram Desktop/@boardsandbeyond1Plab Gastroenterology part 4/@boardsandbeyond1Plab Gastroenterology/Gastroenterology @boardsandbeyond1Plab/2. Liver/2.Liver Masses.mkv,204
1736801222,,,/mnt/win-noon/Downloads/AyuGram Desktop/@boardsandbeyond1Plab Gastroenterology part 4/@boardsandbeyond1Plab Gastroenterology/Gastroenterology @boardsandbeyond1Plab/2. Liver/2.Liver Masses.mkv,204
1736801242,,,/mnt/win-noon/Downloads/AyuGram Desktop/@boardsandbeyond1Plab Gastroenterology part 4/@boardsandbeyond1Plab Gastroenterology/Gastroenterology @boardsandbeyond1Plab/2. Liver/2.Liver Masses.mkv,204
1736801287,,,/mnt/win-noon/Downloads/AyuGram Desktop/@boardsandbeyond1Plab Gastroenterology part 4/@boardsandbeyond1Plab Gastroenterology/Gastroenterology @boardsandbeyond1Plab/2. Liver/2.Liver Masses.mkv,204
1736813904,,,/mnt/win-noon/Downloads/AyuGram Desktop/@boardsandbeyond1Plab Gastroenterology part 4/@boardsandbeyond1Plab Gastroenterology/Gastroenterology @boardsandbeyond1Plab/2. Liver/7.Hemochromatosis.mkv,207
1736813909,,,/mnt/win-noon/Downloads/AyuGram Desktop/@boardsandbeyond1Plab Gastroenterology part 4/@boardsandbeyond1Plab Gastroenterology/Gastroenterology @boardsandbeyond1Plab/2. Liver/6.Wilson's Disease.mkv,208
1736862480,,,/mnt/win-noon/Downloads/AyuGram Desktop/@boardsandbeyond1Plab Gastroenterology part 4/@boardsandbeyond1Plab Gastroenterology/Gastroenterology @boardsandbeyond1Plab/2. Liver/7.Hemochromatosis.mkv,207
1736949209,,,/mnt/win-noon/Downloads/AyuGram Desktop/@boardsandbeyond1Plab Gastroenterology part 4/@boardsandbeyond1Plab Gastroenterology/Gastroenterology @boardsandbeyond1Plab/2. Liver/3. Cirrhosis.mkv,202
1736950029,,,/mnt/win-noon/Downloads/AyuGram Desktop/@boardsandbeyond1Plab Gastroenterology part 4/@boardsandbeyond1Plab Gastroenterology/Gastroenterology @boardsandbeyond1Plab/2. Liver/4.Viral Hepatitis.mkv,207
1739555260,,,/mnt/win-noon/Resourses/MQ-2HY - Neurology (6 Videos)/1. Stroke - Conrad - @USMLEMedQuest.mp4,106
1739555414,,,/mnt/win-noon/Resourses/MQ-2HY - Neurology (6 Videos)/1. Stroke - Conrad - @USMLEMedQuest.mp4,106
1739555486,,,/mnt/win-noon/Resourses/MQ-2HY - Neurology (6 Videos)/1. Stroke - Conrad - @USMLEMedQuest.mp4,106
1739555538,,,/mnt/win-noon/Resourses/GetPhysical - Neurology/Neurology - Section 1 - @USMLEMEdquest.avi,103
1739556520,,,/mnt/win-noon/Resourses/MQ-2HY - Neurology (6 Videos)/1. Stroke - Conrad - @USMLEMedQuest.mp4,106
1739556617,,,/mnt/win-noon/Resourses/MQ-2HY - Neurology (6 Videos)/1. Stroke - Conrad - @USMLEMedQuest.mp4,106
1739556638,,,/mnt/win-noon/Resourses/MQ-2HY - Neurology (6 Videos)/1. Stroke - Conrad - @USMLEMedQuest.mp4,106
1739556707,,,/mnt/win-noon/Resourses/MQ-2HY - Neurology (6 Videos)/1. Stroke - Conrad - @USMLEMedQuest.mp4,106
1739556772,,,/mnt/win-noon/Resourses/MQ-2HY - Neurology (6 Videos)/1. Stroke - Conrad - @USMLEMedQuest.mp4,106
1739556967,,,/mnt/win-noon/Resourses/MQ-2HY - Neurology (6 Videos)/1. Stroke - Conrad - @USMLEMedQuest.mp4,106
1739557050,,,/mnt/win-noon/Resourses/MQ-2HY - Neurology (6 Videos)/1. Stroke - Conrad - @USMLEMedQuest.mp4,106
1739557086,,,/mnt/win-noon/Resourses/MQ-2HY - Neurology (6 Videos)/1. Stroke - Conrad - @USMLEMedQuest.mp4,106
1739557121,,,/mnt/win-noon/Resourses/MQ-2HY - Neurology (6 Videos)/1. Stroke - Conrad - @USMLEMedQuest.mp4,106
1739557126,,,/mnt/win-noon/Resourses/MQ-2HY - Neurology (6 Videos)/1. Stroke - Conrad - @USMLEMedQuest.mp4,106
1739557218,,,/mnt/win-noon/Resourses/GetPhysical - Neurology/Neurology - Section 1 - @USMLEMEdquest.avi,103
