
2025/01/20 (21:07:38) | ===> btop++ v.1.4.0
2025/01/20 (21:07:38) | WARNING: Intel GPU: Failed to initialize PMU

2025/01/20 (21:10:22) | ===> btop++ v.1.4.0
2025/01/20 (21:10:22) | WARNING: Intel GPU: Failed to initialize PMU

2025/01/20 (22:56:05) | ===> btop++ v.1.4.0
2025/01/20 (22:56:05) | WARNING: Intel GPU: Failed to initialize PMU

2025/01/20 (22:58:09) | ===> btop++ v.1.4.0
2025/01/20 (22:58:09) | WARNING: Intel GPU: Failed to initialize PMU

2025/01/21 (17:35:04) | ===> btop++ v.1.4.0
2025/01/21 (17:35:04) | WARNING: Intel GPU: Failed to initialize PMU

2025/01/21 (19:07:43) | ===> btop++ v.1.4.0
2025/01/21 (19:07:43) | WARNING: Intel GPU: Failed to initialize PMU
2025/01/21 (19:07:43) | WARNING: Failed to get disk/partition stats for mount "/mnt/win-noon" with statvfs error code: 107. Ignoring...
2025/01/21 (19:07:43) | WARNING: Failed to get disk/partition stats for mount "/mnt/windows" with statvfs error code: 107. Ignoring...

2025/01/21 (19:42:06) | ===> btop++ v.1.4.0
2025/01/21 (19:42:06) | WARNING: Intel GPU: Failed to initialize PMU
2025/01/21 (19:42:06) | WARNING: Failed to get disk/partition stats for mount "/mnt/win-noon" with statvfs error code: 107. Ignoring...
2025/01/21 (19:42:06) | WARNING: Failed to get disk/partition stats for mount "/mnt/windows" with statvfs error code: 107. Ignoring...

2025/01/21 (19:42:55) | ===> btop++ v.1.4.0
2025/01/21 (19:42:55) | WARNING: Intel GPU: Failed to initialize PMU
2025/01/21 (19:42:55) | WARNING: Failed to get disk/partition stats for mount "/mnt/win-noon" with statvfs error code: 107. Ignoring...
2025/01/21 (19:42:55) | WARNING: Failed to get disk/partition stats for mount "/mnt/windows" with statvfs error code: 107. Ignoring...

2025/01/21 (20:11:38) | ===> btop++ v.1.4.0
2025/01/21 (20:11:38) | WARNING: Intel GPU: Failed to initialize PMU
2025/01/21 (20:11:40) | WARNING: Failed to get disk/partition stats for mount "/mnt/win-noon" with statvfs error code: 107. Ignoring...
2025/01/21 (20:11:40) | WARNING: Failed to get disk/partition stats for mount "/mnt/windows" with statvfs error code: 107. Ignoring...

2025/01/23 (14:28:10) | ===> btop++ v.1.4.0
2025/01/23 (14:28:10) | WARNING: Intel GPU: Failed to initialize PMU

2025/01/23 (18:40:27) | ===> btop++ v.1.4.0
2025/01/23 (18:40:27) | WARNING: Intel GPU: Failed to initialize PMU

2025/01/23 (18:41:13) | ===> btop++ v.1.4.0
2025/01/23 (18:41:13) | WARNING: Intel GPU: Failed to initialize PMU

2025/01/23 (20:51:34) | ===> btop++ v.1.4.0
2025/01/23 (20:51:34) | WARNING: Intel GPU: Failed to initialize PMU

2025/01/23 (21:02:38) | ===> btop++ v.1.4.0
2025/01/23 (21:02:38) | WARNING: Intel GPU: Failed to initialize PMU

2025/01/23 (21:11:36) | ===> btop++ v.1.4.0
2025/01/23 (21:11:36) | WARNING: Intel GPU: Failed to initialize PMU

2025/01/31 (02:20:11) | ===> btop++ v.1.4.0
2025/01/31 (02:20:11) | WARNING: Intel GPU: Failed to initialize PMU

2025/02/03 (16:11:51) | ===> btop++ v.1.4.0
2025/02/03 (16:11:51) | WARNING: Intel GPU: Failed to initialize PMU

2025/02/04 (16:16:29) | ===> btop++ v.1.4.0
2025/02/04 (16:16:29) | WARNING: Intel GPU: Failed to initialize PMU

2025/02/06 (14:31:15) | ===> btop++ v.1.4.0
2025/02/06 (14:31:15) | WARNING: Intel GPU: Failed to initialize PMU

2025/02/06 (14:32:22) | ===> btop++ v.1.4.0
2025/02/06 (14:32:22) | WARNING: Intel GPU: Failed to initialize PMU

2025/02/06 (15:51:39) | ===> btop++ v.1.4.0
2025/02/06 (15:51:39) | WARNING: Intel GPU: Failed to initialize PMU

2025/02/06 (17:05:02) | ===> btop++ v.1.4.0
2025/02/06 (17:05:02) | WARNING: Intel GPU: Failed to initialize PMU

2025/02/18 (19:01:14) | ===> btop++ v.1.4.0
2025/02/18 (19:01:14) | WARNING: Intel GPU: Failed to initialize PMU

2025/02/20 (21:10:02) | ===> btop++ v.1.4.0
2025/02/20 (21:10:02) | WARNING: Intel GPU: Failed to initialize PMU

2025/02/20 (21:14:01) | ===> btop++ v.1.4.0
2025/02/20 (21:14:01) | WARNING: Intel GPU: Failed to initialize PMU
2025/02/20 (21:15:17) | ERROR: Couldn't determine terminal size of "STDOUT_FILENO"!
2025/02/20 (21:15:17) | ERROR: Couldn't determine terminal size of "/dev/tty"!

2025/02/21 (13:08:57) | ===> btop++ v.1.4.0
2025/02/21 (13:08:57) | WARNING: Intel GPU: Failed to initialize PMU
2025/02/21 (13:10:44) | ERROR: Couldn't determine terminal size of "STDOUT_FILENO"!
2025/02/21 (13:10:44) | ERROR: Couldn't determine terminal size of "/dev/tty"!

2025/02/23 (23:27:10) | ===> btop++ v.1.4.0
2025/02/23 (23:27:10) | WARNING: Intel GPU: Failed to initialize PMU

2025/02/24 (01:20:12) | ===> btop++ v.1.4.0
2025/02/24 (01:20:12) | WARNING: Intel GPU: Failed to initialize PMU
