2024-09-09 16:48:07 Loading main app package /tmp/.mount_obsidingrpZ3/resources/obsidian.asar
2024-09-09 16:48:08 Checking for update using Github
2024-09-09 16:48:10 Success.
2024-09-09 16:48:10 Latest version is 1.6.7
2024-09-09 16:48:10 App is up to date.
2024-09-09 17:59:00 Loading main app package /tmp/.mount_obsidiAnHwsI/resources/obsidian.asar
2024-09-09 17:59:01 Checking for update using Github
2024-09-09 17:59:01 Success.
2024-09-09 17:59:01 Latest version is 1.6.7
2024-09-09 17:59:01 App is up to date.
2024-12-21 09:51:09 Loading main app package /tmp/.mount_obsidizFxrUY/resources/obsidian.asar
2024-12-21 09:51:10 Checking for update using Github
2024-12-21 09:51:12 Success.
2024-12-21 09:51:12 Latest version is 1.7.7
2024-12-21 09:51:12 Downloading update from https://github.com/obsidianmd/obsidian-releases/releases/download/v1.7.7/obsidian-1.7.7.asar.gz
2024-12-21 09:51:15 Verifying hash & signature. Size= 8000009
2024-12-21 09:51:15 Saving file
2024-12-21 09:51:16 Update complete.
2024-12-21 09:55:05 Loading updated app package /home/noon/.config/obsidian/obsidian-1.7.7.asar
2024-12-21 09:55:06 Checking for update using Github
2024-12-21 09:55:06 Success.
2024-12-21 09:55:06 Latest version is 1.7.7
2024-12-21 09:55:06 App is up to date.
2024-12-21 09:59:24 Loading updated app package /home/noon/.config/obsidian/obsidian-1.7.7.asar
2024-12-21 09:59:24 Checking for update using Github
2024-12-21 09:59:25 Success.
2024-12-21 09:59:25 Latest version is 1.7.7
2024-12-21 09:59:25 App is up to date.
2024-12-21 10:01:32 Loading updated app package /home/noon/.config/obsidian/obsidian-1.7.7.asar
2024-12-21 10:01:33 Checking for update using Github
2024-12-21 10:01:33 Success.
2024-12-21 10:01:33 Latest version is 1.7.7
2024-12-21 10:01:33 App is up to date.
2024-12-21 10:09:26 Loading updated app package /home/noon/.config/obsidian/obsidian-1.7.7.asar
2024-12-21 10:09:26 Checking for update using Github
2024-12-21 10:09:27 Success.
2024-12-21 10:09:27 Latest version is 1.7.7
2024-12-21 10:09:27 App is up to date.
2024-12-21 10:11:46 Loading updated app package /home/noon/.config/obsidian/obsidian-1.7.7.asar
2024-12-21 10:11:47 Checking for update using Github
2024-12-21 10:11:47 Success.
2024-12-21 10:11:47 Latest version is 1.7.7
2024-12-21 10:11:47 App is up to date.
2024-12-21 10:27:02 Loading updated app package /home/noon/.config/obsidian/obsidian-1.7.7.asar
2024-12-21 10:27:03 Checking for update using Github
2024-12-21 10:27:07 Success.
2024-12-21 10:27:07 Latest version is 1.7.7
2024-12-21 10:27:07 App is up to date.
2024-12-21 10:27:30 Loading updated app package /home/noon/.config/obsidian/obsidian-1.7.7.asar
2024-12-21 10:27:31 Checking for update using Github
2024-12-21 10:27:32 Success.
2024-12-21 10:27:32 Latest version is 1.7.7
2024-12-21 10:27:32 App is up to date.
2024-12-21 11:45:55 Loading updated app package /home/noon/.config/obsidian/obsidian-1.7.7.asar
2024-12-21 11:45:57 Checking for update using Github
2024-12-21 11:46:00 Success.
2024-12-21 11:46:00 Latest version is 1.7.7
2024-12-21 11:46:00 App is up to date.
2024-12-21 11:48:58 Loading updated app package /home/noon/.config/obsidian/obsidian-1.7.7.asar
2024-12-21 11:48:59 Checking for update using Github
2024-12-21 11:48:59 Success.
2024-12-21 11:48:59 Latest version is 1.7.7
2024-12-21 11:48:59 App is up to date.
2024-12-21 12:02:40 Loading updated app package /home/noon/.config/obsidian/obsidian-1.7.7.asar
2024-12-21 12:02:42 Checking for update using Github
2024-12-21 12:02:43 Success.
2024-12-21 12:02:43 Latest version is 1.7.7
2024-12-21 12:02:43 App is up to date.
2024-12-21 13:02:40 Checking for update using Github
2024-12-21 13:02:40 Success.
2024-12-21 13:02:40 Latest version is 1.7.7
2024-12-21 13:02:40 App is up to date.
2024-12-21 14:02:40 Checking for update using Github
2024-12-21 14:02:40 Success.
2024-12-21 14:02:40 Latest version is 1.7.7
2024-12-21 14:02:40 App is up to date.
2024-12-21 15:02:40 Checking for update using Github
2024-12-21 15:02:41 Success.
2024-12-21 15:02:41 Latest version is 1.7.7
2024-12-21 15:02:41 App is up to date.
2024-12-21 16:00:41 Loading updated app package /home/noon/.config/obsidian/obsidian-1.7.7.asar
2024-12-21 16:00:42 Checking for update using Github
2024-12-21 16:00:44 Success.
2024-12-21 16:00:44 Latest version is 1.7.7
2024-12-21 16:00:44 App is up to date.
2024-12-21 16:25:58 Loading updated app package /home/noon/.config/obsidian/obsidian-1.7.7.asar
2024-12-21 16:25:59 Checking for update using Github
2024-12-21 16:26:02 Success.
2024-12-21 16:26:02 Latest version is 1.7.7
2024-12-21 16:26:02 App is up to date.
2024-12-21 17:25:58 Checking for update using Github
2024-12-21 17:25:58 Success.
2024-12-21 17:25:58 Latest version is 1.7.7
2024-12-21 17:25:58 App is up to date.
2024-12-21 18:25:58 Checking for update using Github
2024-12-21 18:25:58 Success.
2024-12-21 18:25:58 Latest version is 1.7.7
2024-12-21 18:25:58 App is up to date.
2024-12-21 19:25:58 Checking for update using Github
2024-12-21 19:25:59 Success.
2024-12-21 19:25:59 Latest version is 1.7.7
2024-12-21 19:25:59 App is up to date.
2024-12-21 20:25:58 Checking for update using Github
2024-12-21 20:25:59 Success.
2024-12-21 20:25:59 Latest version is 1.7.7
2024-12-21 20:25:59 App is up to date.
2024-12-21 21:25:58 Checking for update using Github
2024-12-21 21:25:59 Success.
2024-12-21 21:25:59 Latest version is 1.7.7
2024-12-21 21:25:59 App is up to date.
2024-12-21 22:25:59 Checking for update using Github
2024-12-21 22:25:59 Success.
2024-12-21 22:25:59 Latest version is 1.7.7
2024-12-21 22:25:59 App is up to date.
2024-12-21 23:25:59 Checking for update using Github
2024-12-21 23:25:59 Success.
2024-12-21 23:25:59 Latest version is 1.7.7
2024-12-21 23:25:59 App is up to date.
2024-12-22 00:25:59 Checking for update using Github
2024-12-22 00:25:59 Success.
2024-12-22 00:25:59 Latest version is 1.7.7
2024-12-22 00:25:59 App is up to date.
2024-12-22 01:25:59 Checking for update using Github
2024-12-22 01:25:59 Success.
2024-12-22 01:25:59 Latest version is 1.7.7
2024-12-22 01:25:59 App is up to date.
2024-12-22 02:25:59 Checking for update using Github
2024-12-22 02:25:59 Success.
2024-12-22 02:25:59 Latest version is 1.7.7
2024-12-22 02:25:59 App is up to date.
2024-12-22 03:25:59 Checking for update using Github
2024-12-22 03:25:59 Success.
2024-12-22 03:25:59 Latest version is 1.7.7
2024-12-22 03:25:59 App is up to date.
2024-12-22 04:25:59 Checking for update using Github
2024-12-22 04:25:59 Success.
2024-12-22 04:25:59 Latest version is 1.7.7
2024-12-22 04:25:59 App is up to date.
2024-12-22 05:25:59 Checking for update using Github
2024-12-22 05:26:00 Success.
2024-12-22 05:26:00 Latest version is 1.7.7
2024-12-22 05:26:00 App is up to date.
2024-12-22 06:25:59 Checking for update using Github
2024-12-22 06:26:00 Success.
2024-12-22 06:26:00 Latest version is 1.7.7
2024-12-22 06:26:00 App is up to date.
2024-12-22 07:27:39 Loading updated app package /home/noon/.config/obsidian/obsidian-1.7.7.asar
2024-12-22 07:27:40 Checking for update using Github
2024-12-22 07:27:42 Success.
2024-12-22 07:27:42 Latest version is 1.7.7
2024-12-22 07:27:42 App is up to date.
2024-12-22 08:27:39 Checking for update using Github
2024-12-22 08:27:39 Success.
2024-12-22 08:27:39 Latest version is 1.7.7
2024-12-22 08:27:39 App is up to date.
2024-12-22 09:27:39 Checking for update using Github
2024-12-22 09:27:39 Success.
2024-12-22 09:27:39 Latest version is 1.7.7
2024-12-22 09:27:39 App is up to date.
2024-12-22 10:27:39 Checking for update using Github
2024-12-22 10:27:39 Success.
2024-12-22 10:27:39 Latest version is 1.7.7
2024-12-22 10:27:39 App is up to date.
2024-12-22 10:41:52 Loading updated app package /home/noon/.config/obsidian/obsidian-1.7.7.asar
2024-12-22 10:41:53 Checking for update using Github
2024-12-22 10:41:53 Success.
2024-12-22 10:41:53 Latest version is 1.7.7
2024-12-22 10:41:53 App is up to date.
2024-12-22 11:41:52 Checking for update using Github
2024-12-22 11:41:52 Success.
2024-12-22 11:41:52 Latest version is 1.7.7
2024-12-22 11:41:52 App is up to date.
2024-12-22 12:41:52 Checking for update using Github
2024-12-22 12:41:53 Success.
2024-12-22 12:41:53 Latest version is 1.7.7
2024-12-22 12:41:53 App is up to date.
2024-12-22 13:41:52 Checking for update using Github
2024-12-22 13:41:52 Success.
2024-12-22 13:41:52 Latest version is 1.7.7
2024-12-22 13:41:52 App is up to date.
2024-12-22 14:41:52 Checking for update using Github
2024-12-22 14:41:53 Success.
2024-12-22 14:41:53 Latest version is 1.7.7
2024-12-22 14:41:53 App is up to date.
2024-12-22 15:41:52 Checking for update using Github
2024-12-22 15:41:53 Success.
2024-12-22 15:41:53 Latest version is 1.7.7
2024-12-22 15:41:53 App is up to date.
2024-12-22 16:41:52 Checking for update using Github
2024-12-22 16:41:53 Success.
2024-12-22 16:41:53 Latest version is 1.7.7
2024-12-22 16:41:53 App is up to date.
2024-12-22 17:41:53 Checking for update using Github
2024-12-22 17:41:53 Success.
2024-12-22 17:41:53 Latest version is 1.7.7
2024-12-22 17:41:53 App is up to date.
2024-12-22 18:41:53 Checking for update using Github
2024-12-22 18:41:53 Success.
2024-12-22 18:41:53 Latest version is 1.7.7
2024-12-22 18:41:53 App is up to date.
2024-12-22 19:41:53 Checking for update using Github
2024-12-22 19:41:53 Success.
2024-12-22 19:41:53 Latest version is 1.7.7
2024-12-22 19:41:53 App is up to date.
2024-12-22 20:41:53 Checking for update using Github
2024-12-22 20:41:53 Success.
2024-12-22 20:41:53 Latest version is 1.7.7
2024-12-22 20:41:53 App is up to date.
2024-12-22 21:41:53 Checking for update using Github
2024-12-22 21:41:53 Success.
2024-12-22 21:41:53 Latest version is 1.7.7
2024-12-22 21:41:53 App is up to date.
2024-12-22 22:41:53 Checking for update using Github
2024-12-22 22:41:53 Success.
2024-12-22 22:41:53 Latest version is 1.7.7
2024-12-22 22:41:53 App is up to date.
2024-12-22 23:41:53 Checking for update using Github
2024-12-22 23:41:53 Success.
2024-12-22 23:41:53 Latest version is 1.7.7
2024-12-22 23:41:53 App is up to date.
2024-12-23 00:41:53 Checking for update using Github
2024-12-23 00:41:53 Success.
2024-12-23 00:41:53 Latest version is 1.7.7
2024-12-23 00:41:53 App is up to date.
2024-12-23 01:41:53 Checking for update using Github
2024-12-23 01:41:53 Success.
2024-12-23 01:41:53 Latest version is 1.7.7
2024-12-23 01:41:53 App is up to date.
2024-12-23 02:41:53 Checking for update using Github
2024-12-23 02:41:53 Success.
2024-12-23 02:41:53 Latest version is 1.7.7
2024-12-23 02:41:53 App is up to date.
2024-12-23 03:41:53 Checking for update using Github
2024-12-23 03:41:54 Success.
2024-12-23 03:41:54 Latest version is 1.7.7
2024-12-23 03:41:54 App is up to date.
2024-12-23 04:41:53 Checking for update using Github
2024-12-23 04:41:54 Success.
2024-12-23 04:41:54 Latest version is 1.7.7
2024-12-23 04:41:54 App is up to date.
2024-12-23 05:41:54 Checking for update using Github
2024-12-23 05:41:59 Success.
2024-12-23 05:41:59 Latest version is 1.7.7
2024-12-23 05:41:59 App is up to date.
2024-12-23 06:41:54 Checking for update using Github
2024-12-23 06:41:54 Success.
2024-12-23 06:41:54 Latest version is 1.7.7
2024-12-23 06:41:54 App is up to date.
2024-12-23 07:41:54 Checking for update using Github
2024-12-23 07:41:54 Success.
2024-12-23 07:41:54 Latest version is 1.7.7
2024-12-23 07:41:54 App is up to date.
2024-12-23 08:41:54 Checking for update using Github
2024-12-23 08:41:54 Success.
2024-12-23 08:41:54 Latest version is 1.7.7
2024-12-23 08:41:54 App is up to date.
2024-12-23 09:41:54 Checking for update using Github
2024-12-23 09:41:54 Success.
2024-12-23 09:41:54 Latest version is 1.7.7
2024-12-23 09:41:54 App is up to date.
2024-12-23 10:41:54 Checking for update using Github
2024-12-23 10:41:54 Success.
2024-12-23 10:41:54 Latest version is 1.7.7
2024-12-23 10:41:54 App is up to date.
2024-12-23 11:41:54 Checking for update using Github
2024-12-23 11:41:54 Success.
2024-12-23 11:41:54 Latest version is 1.7.7
2024-12-23 11:41:54 App is up to date.
2024-12-23 12:41:54 Checking for update using Github
2024-12-23 12:41:54 Success.
2024-12-23 12:41:54 Latest version is 1.7.7
2024-12-23 12:41:54 App is up to date.
2024-12-23 13:41:55 Checking for update using Github
2024-12-23 13:41:56 Success.
2024-12-23 13:41:56 Latest version is 1.7.7
2024-12-23 13:41:56 App is up to date.
2024-12-23 14:41:54 Checking for update using Github
2024-12-23 14:41:55 Success.
2024-12-23 14:41:55 Latest version is 1.7.7
2024-12-23 14:41:55 App is up to date.
2024-12-23 15:41:54 Checking for update using Github
2024-12-23 15:41:55 Success.
2024-12-23 15:41:55 Latest version is 1.7.7
2024-12-23 15:41:55 App is up to date.
2024-12-23 16:41:55 Checking for update using Github
2024-12-23 16:41:55 Success.
2024-12-23 16:41:55 Latest version is 1.7.7
2024-12-23 16:41:55 App is up to date.
2024-12-23 17:41:55 Checking for update using Github
2024-12-23 17:41:56 Success.
2024-12-23 17:41:56 Latest version is 1.7.7
2024-12-23 17:41:56 App is up to date.
2024-12-23 18:41:55 Checking for update using Github
2024-12-23 18:41:55 Success.
2024-12-23 18:41:55 Latest version is 1.7.7
2024-12-23 18:41:55 App is up to date.
2024-12-23 19:41:55 Checking for update using Github
2024-12-23 19:41:55 Success.
2024-12-23 19:41:55 Latest version is 1.7.7
2024-12-23 19:41:55 App is up to date.
2024-12-23 20:41:55 Checking for update using Github
2024-12-23 20:41:55 Success.
2024-12-23 20:41:55 Latest version is 1.7.7
2024-12-23 20:41:55 App is up to date.
2024-12-23 21:41:55 Checking for update using Github
2024-12-23 21:41:55 Success.
2024-12-23 21:41:55 Latest version is 1.7.7
2024-12-23 21:41:55 App is up to date.
2024-12-23 22:41:55 Checking for update using Github
2024-12-23 22:41:55 Success.
2024-12-23 22:41:55 Latest version is 1.7.7
2024-12-23 22:41:55 App is up to date.
2024-12-23 23:41:55 Checking for update using Github
2024-12-23 23:41:56 Success.
2024-12-23 23:41:56 Latest version is 1.7.7
2024-12-23 23:41:56 App is up to date.
2024-12-24 00:41:55 Checking for update using Github
2024-12-24 00:41:56 Success.
2024-12-24 00:41:56 Latest version is 1.7.7
2024-12-24 00:41:56 App is up to date.
2024-12-24 01:41:55 Checking for update using Github
2024-12-24 01:41:56 Success.
2024-12-24 01:41:56 Latest version is 1.7.7
2024-12-24 01:41:56 App is up to date.
2024-12-24 02:41:56 Checking for update using Github
2024-12-24 02:41:56 Success.
2024-12-24 02:41:56 Latest version is 1.7.7
2024-12-24 02:41:56 App is up to date.
2024-12-24 03:41:56 Checking for update using Github
2024-12-24 03:41:56 Success.
2024-12-24 03:41:56 Latest version is 1.7.7
2024-12-24 03:41:56 App is up to date.
2024-12-24 04:41:56 Checking for update using Github
2024-12-24 04:41:56 Success.
2024-12-24 04:41:56 Latest version is 1.7.7
2024-12-24 04:41:56 App is up to date.
2024-12-24 05:41:56 Checking for update using Github
2024-12-24 05:42:03 Success.
2024-12-24 05:42:03 Latest version is 1.7.7
2024-12-24 05:42:03 App is up to date.
2024-12-24 06:41:56 Checking for update using Github
2024-12-24 06:41:56 Success.
2024-12-24 06:41:56 Latest version is 1.7.7
2024-12-24 06:41:56 App is up to date.
2024-12-24 07:41:56 Checking for update using Github
2024-12-24 07:41:56 Success.
2024-12-24 07:41:56 Latest version is 1.7.7
2024-12-24 07:41:56 App is up to date.
2024-12-24 08:41:56 Checking for update using Github
2024-12-24 08:41:56 Success.
2024-12-24 08:41:56 Latest version is 1.7.7
2024-12-24 08:41:56 App is up to date.
2024-12-24 09:41:56 Checking for update using Github
2024-12-24 09:41:56 Success.
2024-12-24 09:41:56 Latest version is 1.7.7
2024-12-24 09:41:56 App is up to date.
2024-12-24 10:41:56 Checking for update using Github
2024-12-24 10:41:57 Success.
2024-12-24 10:41:57 Latest version is 1.7.7
2024-12-24 10:41:57 App is up to date.
2024-12-24 11:41:56 Checking for update using Github
2024-12-24 11:41:57 Success.
2024-12-24 11:41:57 Latest version is 1.7.7
2024-12-24 11:41:57 App is up to date.
2024-12-24 12:41:57 Checking for update using Github
2024-12-24 12:41:57 Success.
2024-12-24 12:41:57 Latest version is 1.7.7
2024-12-24 12:41:57 App is up to date.
2024-12-24 13:41:57 Checking for update using Github
2024-12-24 13:41:57 Success.
2024-12-24 13:41:57 Latest version is 1.7.7
2024-12-24 13:41:57 App is up to date.
2024-12-24 14:41:57 Checking for update using Github
2024-12-24 14:41:57 Success.
2024-12-24 14:41:57 Latest version is 1.7.7
2024-12-24 14:41:57 App is up to date.
2024-12-24 15:41:57 Checking for update using Github
2024-12-24 15:41:57 Success.
2024-12-24 15:41:57 Latest version is 1.7.7
2024-12-24 15:41:57 App is up to date.
2024-12-24 16:41:57 Checking for update using Github
2024-12-24 16:41:57 Success.
2024-12-24 16:41:57 Latest version is 1.7.7
2024-12-24 16:41:57 App is up to date.
2024-12-24 17:41:57 Checking for update using Github
2024-12-24 17:42:15 Success.
2024-12-24 17:42:15 Latest version is 1.7.7
2024-12-24 17:42:15 App is up to date.
2024-12-24 18:41:57 Checking for update using Github
2024-12-24 18:41:57 Success.
2024-12-24 18:41:57 Latest version is 1.7.7
2024-12-24 18:41:57 App is up to date.
2024-12-24 19:41:57 Checking for update using Github
2024-12-24 19:41:57 Success.
2024-12-24 19:41:57 Latest version is 1.7.7
2024-12-24 19:41:57 App is up to date.
2024-12-24 20:41:57 Checking for update using Github
2024-12-24 20:41:58 Success.
2024-12-24 20:41:58 Latest version is 1.7.7
2024-12-24 20:41:58 App is up to date.
2024-12-24 21:41:57 Checking for update using Github
2024-12-24 21:41:58 Success.
2024-12-24 21:41:58 Latest version is 1.7.7
2024-12-24 21:41:58 App is up to date.
2024-12-24 22:41:58 Checking for update using Github
2024-12-24 22:41:58 Success.
2024-12-24 22:41:58 Latest version is 1.7.7
2024-12-24 22:41:58 App is up to date.
2024-12-24 23:41:58 Checking for update using Github
2024-12-24 23:41:58 Success.
2024-12-24 23:41:58 Latest version is 1.7.7
2024-12-24 23:41:58 App is up to date.
2024-12-25 00:41:58 Checking for update using Github
2024-12-25 00:41:58 Success.
2024-12-25 00:41:58 Latest version is 1.7.7
2024-12-25 00:41:58 App is up to date.
2024-12-25 01:41:58 Checking for update using Github
2024-12-25 01:41:58 Success.
2024-12-25 01:41:58 Latest version is 1.7.7
2024-12-25 01:41:58 App is up to date.
2024-12-25 02:41:58 Checking for update using Github
2024-12-25 02:41:59 Success.
2024-12-25 02:41:59 Latest version is 1.7.7
2024-12-25 02:41:59 App is up to date.
2024-12-25 03:41:58 Checking for update using Github
2024-12-25 03:41:58 Success.
2024-12-25 03:41:58 Latest version is 1.7.7
2024-12-25 03:41:58 App is up to date.
2024-12-25 04:41:58 Checking for update using Github
2024-12-25 04:41:58 Success.
2024-12-25 04:41:58 Latest version is 1.7.7
2024-12-25 04:41:58 App is up to date.
2024-12-25 05:41:58 Checking for update using Github
2024-12-25 05:41:58 Success.
2024-12-25 05:41:58 Latest version is 1.7.7
2024-12-25 05:41:58 App is up to date.
2024-12-25 06:41:58 Checking for update using Github
2024-12-25 06:41:58 Success.
2024-12-25 06:41:58 Latest version is 1.7.7
2024-12-25 06:41:58 App is up to date.
2024-12-25 07:41:58 Checking for update using Github
2024-12-25 07:41:59 Success.
2024-12-25 07:41:59 Latest version is 1.7.7
2024-12-25 07:41:59 App is up to date.
2024-12-25 08:41:58 Checking for update using Github
2024-12-25 08:41:59 Success.
2024-12-25 08:41:59 Latest version is 1.7.7
2024-12-25 08:41:59 App is up to date.
2024-12-25 09:41:59 Checking for update using Github
2024-12-25 09:41:59 Success.
2024-12-25 09:41:59 Latest version is 1.7.7
2024-12-25 09:41:59 App is up to date.
2024-12-25 10:41:59 Checking for update using Github
2024-12-25 10:42:05 Success.
2024-12-25 10:42:05 Latest version is 1.7.7
2024-12-25 10:42:05 App is up to date.
2024-12-25 11:41:59 Checking for update using Github
2024-12-25 11:41:59 Success.
2024-12-25 11:41:59 Latest version is 1.7.7
2024-12-25 11:41:59 App is up to date.
2024-12-25 12:41:59 Checking for update using Github
2024-12-25 12:41:59 Success.
2024-12-25 12:41:59 Latest version is 1.7.7
2024-12-25 12:41:59 App is up to date.
2024-12-25 13:41:59 Checking for update using Github
2024-12-25 13:41:59 Success.
2024-12-25 13:41:59 Latest version is 1.7.7
2024-12-25 13:41:59 App is up to date.
2024-12-25 14:41:59 Checking for update using Github
2024-12-25 14:42:35 Success.
2024-12-25 14:42:35 Latest version is 1.7.7
2024-12-25 14:42:35 App is up to date.
2024-12-25 15:41:59 Checking for update using Github
2024-12-25 15:41:59 Success.
2024-12-25 15:41:59 Latest version is 1.7.7
2024-12-25 15:41:59 App is up to date.
2024-12-25 16:41:59 Checking for update using Github
2024-12-25 16:41:59 Success.
2024-12-25 16:41:59 Latest version is 1.7.7
2024-12-25 16:41:59 App is up to date.
2024-12-25 17:41:59 Checking for update using Github
2024-12-25 17:41:59 Success.
2024-12-25 17:41:59 Latest version is 1.7.7
2024-12-25 17:41:59 App is up to date.
2024-12-25 18:41:59 Checking for update using Github
2024-12-25 18:41:59 Success.
2024-12-25 18:41:59 Latest version is 1.7.7
2024-12-25 18:41:59 App is up to date.
2024-12-25 19:41:59 Checking for update using Github
2024-12-25 19:42:00 Success.
2024-12-25 19:42:00 Latest version is 1.7.7
2024-12-25 19:42:00 App is up to date.
2024-12-25 20:41:59 Checking for update using Github
2024-12-25 20:42:00 Success.
2024-12-25 20:42:00 Latest version is 1.7.7
2024-12-25 20:42:00 App is up to date.
2024-12-25 21:41:59 Checking for update using Github
2024-12-25 21:42:00 Success.
2024-12-25 21:42:00 Latest version is 1.7.7
2024-12-25 21:42:00 App is up to date.
2024-12-25 22:41:59 Checking for update using Github
2024-12-25 22:42:00 Success.
2024-12-25 22:42:00 Latest version is 1.7.7
2024-12-25 22:42:00 App is up to date.
2024-12-25 23:42:00 Checking for update using Github
2024-12-25 23:42:00 Success.
2024-12-25 23:42:00 Latest version is 1.7.7
2024-12-25 23:42:00 App is up to date.
2024-12-26 00:42:00 Checking for update using Github
2024-12-26 00:42:00 Success.
2024-12-26 00:42:00 Latest version is 1.7.7
2024-12-26 00:42:00 App is up to date.
2024-12-26 01:42:00 Checking for update using Github
2024-12-26 01:42:00 Success.
2024-12-26 01:42:00 Latest version is 1.7.7
2024-12-26 01:42:00 App is up to date.
2024-12-26 02:42:00 Checking for update using Github
2024-12-26 02:42:00 Success.
2024-12-26 02:42:00 Latest version is 1.7.7
2024-12-26 02:42:00 App is up to date.
2024-12-26 03:42:00 Checking for update using Github
2024-12-26 03:42:00 Success.
2024-12-26 03:42:00 Latest version is 1.7.7
2024-12-26 03:42:00 App is up to date.
2024-12-26 04:42:00 Checking for update using Github
2024-12-26 04:42:00 Success.
2024-12-26 04:42:00 Latest version is 1.7.7
2024-12-26 04:42:00 App is up to date.
2024-12-26 05:42:00 Checking for update using Github
2024-12-26 05:42:00 Success.
2024-12-26 05:42:00 Latest version is 1.7.7
2024-12-26 05:42:00 App is up to date.
2024-12-26 06:42:00 Checking for update using Github
2024-12-26 06:42:00 Success.
2024-12-26 06:42:00 Latest version is 1.7.7
2024-12-26 06:42:00 App is up to date.
2024-12-26 07:42:00 Checking for update using Github
2024-12-26 07:42:00 Success.
2024-12-26 07:42:00 Latest version is 1.7.7
2024-12-26 07:42:00 App is up to date.
2024-12-26 08:42:00 Checking for update using Github
2024-12-26 08:42:01 Success.
2024-12-26 08:42:01 Latest version is 1.7.7
2024-12-26 08:42:01 App is up to date.
2024-12-26 09:42:00 Checking for update using Github
2024-12-26 09:42:01 Success.
2024-12-26 09:42:01 Latest version is 1.7.7
2024-12-26 09:42:01 App is up to date.
2024-12-26 10:42:00 Checking for update using Github
2024-12-26 10:42:00 Success.
2024-12-26 10:42:00 Latest version is 1.7.7
2024-12-26 10:42:00 App is up to date.
2024-12-26 11:42:00 Checking for update using Github
2024-12-26 11:42:01 Success.
2024-12-26 11:42:01 Latest version is 1.7.7
2024-12-26 11:42:01 App is up to date.
2024-12-26 12:42:01 Checking for update using Github
2024-12-26 12:42:01 Success.
2024-12-26 12:42:01 Latest version is 1.7.7
2024-12-26 12:42:01 App is up to date.
2024-12-26 13:42:01 Checking for update using Github
2024-12-26 13:42:08 Success.
2024-12-26 13:42:08 Latest version is 1.7.7
2024-12-26 13:42:08 App is up to date.
2024-12-26 14:42:01 Checking for update using Github
2024-12-26 14:42:01 Success.
2024-12-26 14:42:01 Latest version is 1.7.7
2024-12-26 14:42:01 App is up to date.
2024-12-26 15:42:01 Checking for update using Github
2024-12-26 15:42:01 Success.
2024-12-26 15:42:01 Latest version is 1.7.7
2024-12-26 15:42:01 App is up to date.
2025-01-02 11:02:50 Loading updated app package /home/noon/.config/obsidian/obsidian-1.7.7.asar
2025-01-02 11:02:51 Checking for update using Github
2025-01-02 11:02:53 Success.
2025-01-02 11:02:53 Latest version is 1.7.7
2025-01-02 11:02:53 App is up to date.
2025-01-04 10:33:57 Loading updated app package /home/noon/.config/obsidian/obsidian-1.7.7.asar
2025-01-04 10:33:59 Checking for update using Github
2025-01-04 10:34:01 Success.
2025-01-04 10:34:01 Latest version is 1.7.7
2025-01-04 10:34:01 App is up to date.
2025-01-04 11:33:57 Checking for update using Github
2025-01-04 11:33:58 Success.
2025-01-04 11:33:58 Latest version is 1.7.7
2025-01-04 11:33:58 App is up to date.
2025-01-04 12:33:58 Checking for update using Github
2025-01-04 12:33:58 Success.
2025-01-04 12:33:58 Latest version is 1.7.7
2025-01-04 12:33:58 App is up to date.
2025-01-04 13:33:58 Checking for update using Github
2025-01-04 13:33:58 Success.
2025-01-04 13:33:58 Latest version is 1.7.7
2025-01-04 13:33:58 App is up to date.
2025-01-04 14:33:58 Checking for update using Github
2025-01-04 14:33:58 Success.
2025-01-04 14:33:58 Latest version is 1.7.7
2025-01-04 14:33:58 App is up to date.
2025-01-04 15:33:58 Checking for update using Github
2025-01-04 15:33:58 Success.
2025-01-04 15:33:58 Latest version is 1.7.7
2025-01-04 15:33:58 App is up to date.
2025-01-04 16:33:58 Checking for update using Github
2025-01-04 16:33:58 Success.
2025-01-04 16:33:58 Latest version is 1.7.7
2025-01-04 16:33:58 App is up to date.
2025-01-04 17:33:58 Checking for update using Github
2025-01-04 17:33:58 Success.
2025-01-04 17:33:58 Latest version is 1.7.7
2025-01-04 17:33:58 App is up to date.
2025-01-04 17:51:40 Loading updated app package /home/noon/.config/obsidian/obsidian-1.7.7.asar
2025-01-04 17:51:41 Checking for update using Github
2025-01-04 17:51:42 Success.
2025-01-04 17:51:42 Latest version is 1.7.7
2025-01-04 17:51:42 App is up to date.
2025-01-04 18:51:40 Checking for update using Github
2025-01-04 18:51:40 Success.
2025-01-04 18:51:40 Latest version is 1.7.7
2025-01-04 18:51:40 App is up to date.
2025-01-04 19:51:40 Checking for update using Github
2025-01-04 19:51:40 Success.
2025-01-04 19:51:40 Latest version is 1.7.7
2025-01-04 19:51:40 App is up to date.
2025-01-04 20:51:40 Checking for update using Github
2025-01-04 20:51:40 Success.
2025-01-04 20:51:40 Latest version is 1.7.7
2025-01-04 20:51:40 App is up to date.
2025-01-04 21:51:40 Checking for update using Github
2025-01-04 21:51:40 Success.
2025-01-04 21:51:40 Latest version is 1.7.7
2025-01-04 21:51:40 App is up to date.
2025-01-04 22:51:40 Checking for update using Github
2025-01-04 22:51:41 Success.
2025-01-04 22:51:41 Latest version is 1.7.7
2025-01-04 22:51:41 App is up to date.
2025-01-04 23:51:40 Checking for update using Github
2025-01-04 23:51:40 Success.
2025-01-04 23:51:40 Latest version is 1.7.7
2025-01-04 23:51:40 App is up to date.
2025-01-05 00:51:40 Checking for update using Github
2025-01-05 00:51:41 Success.
2025-01-05 00:51:41 Latest version is 1.7.7
2025-01-05 00:51:41 App is up to date.
2025-01-05 01:51:40 Checking for update using Github
2025-01-05 01:51:41 Success.
2025-01-05 01:51:41 Latest version is 1.7.7
2025-01-05 01:51:41 App is up to date.
2025-01-05 02:51:40 Checking for update using Github
2025-01-05 02:51:41 Success.
2025-01-05 02:51:41 Latest version is 1.7.7
2025-01-05 02:51:41 App is up to date.
2025-01-05 03:51:41 Checking for update using Github
2025-01-05 03:51:41 Success.
2025-01-05 03:51:41 Latest version is 1.7.7
2025-01-05 03:51:41 App is up to date.
2025-01-05 04:51:41 Checking for update using Github
2025-01-05 04:51:41 Success.
2025-01-05 04:51:41 Latest version is 1.7.7
2025-01-05 04:51:41 App is up to date.
2025-01-05 05:51:41 Checking for update using Github
2025-01-05 05:51:41 Success.
2025-01-05 05:51:41 Latest version is 1.7.7
2025-01-05 05:51:41 App is up to date.
2025-01-05 06:51:41 Checking for update using Github
2025-01-05 06:51:41 Success.
2025-01-05 06:51:41 Latest version is 1.7.7
2025-01-05 06:51:41 App is up to date.
2025-01-05 07:51:41 Checking for update using Github
2025-01-05 07:51:41 Success.
2025-01-05 07:51:41 Latest version is 1.7.7
2025-01-05 07:51:41 App is up to date.
2025-01-05 08:51:41 Checking for update using Github
2025-01-05 08:51:41 Success.
2025-01-05 08:51:41 Latest version is 1.7.7
2025-01-05 08:51:41 App is up to date.
2025-01-05 09:51:41 Checking for update using Github
2025-01-05 09:51:41 Success.
2025-01-05 09:51:41 Latest version is 1.7.7
2025-01-05 09:51:41 App is up to date.
2025-01-05 10:51:41 Checking for update using Github
2025-01-05 10:51:41 Success.
2025-01-05 10:51:41 Latest version is 1.7.7
2025-01-05 10:51:41 App is up to date.
2025-01-05 11:51:41 Checking for update using Github
2025-01-05 11:51:42 Success.
2025-01-05 11:51:42 Latest version is 1.7.7
2025-01-05 11:51:42 App is up to date.
2025-01-05 12:51:41 Checking for update using Github
2025-01-05 12:51:42 Success.
2025-01-05 12:51:42 Latest version is 1.7.7
2025-01-05 12:51:42 App is up to date.
2025-01-05 13:51:42 Checking for update using Github
2025-01-05 13:51:42 Success.
2025-01-05 13:51:42 Latest version is 1.7.7
2025-01-05 13:51:42 App is up to date.
2025-01-05 14:51:42 Checking for update using Github
2025-01-05 14:51:42 Success.
2025-01-05 14:51:42 Latest version is 1.7.7
2025-01-05 14:51:42 App is up to date.
2025-01-05 15:51:42 Checking for update using Github
2025-01-05 15:51:42 Success.
2025-01-05 15:51:42 Latest version is 1.7.7
2025-01-05 15:51:42 App is up to date.
2025-01-05 16:51:42 Checking for update using Github
2025-01-05 16:51:42 Success.
2025-01-05 16:51:42 Latest version is 1.7.7
2025-01-05 16:51:42 App is up to date.
2025-01-05 17:51:42 Checking for update using Github
2025-01-05 17:51:42 Success.
2025-01-05 17:51:42 Latest version is 1.7.7
2025-01-05 17:51:42 App is up to date.
2025-01-05 18:51:42 Checking for update using Github
2025-01-05 18:51:42 Success.
2025-01-05 18:51:42 Latest version is 1.7.7
2025-01-05 18:51:42 App is up to date.
2025-01-05 19:51:42 Checking for update using Github
2025-01-05 19:51:42 Success.
2025-01-05 19:51:42 Latest version is 1.7.7
2025-01-05 19:51:42 App is up to date.
2025-01-05 20:51:42 Checking for update using Github
2025-01-05 20:51:53 Success.
2025-01-05 20:51:53 Latest version is 1.7.7
2025-01-05 20:51:53 App is up to date.
2025-01-05 21:51:42 Checking for update using Github
2025-01-05 21:51:42 Success.
2025-01-05 21:51:42 Latest version is 1.7.7
2025-01-05 21:51:42 App is up to date.
2025-01-05 22:51:42 Checking for update using Github
2025-01-05 22:51:43 Success.
2025-01-05 22:51:43 Latest version is 1.7.7
2025-01-05 22:51:43 App is up to date.
2025-01-05 23:51:42 Checking for update using Github
2025-01-05 23:51:43 Success.
2025-01-05 23:51:43 Latest version is 1.7.7
2025-01-05 23:51:43 App is up to date.
2025-01-06 00:51:42 Checking for update using Github
2025-01-06 00:51:43 Success.
2025-01-06 00:51:43 Latest version is 1.7.7
2025-01-06 00:51:43 App is up to date.
2025-01-06 01:51:43 Checking for update using Github
2025-01-06 01:51:43 Success.
2025-01-06 01:51:43 Latest version is 1.7.7
2025-01-06 01:51:43 App is up to date.
2025-01-06 02:51:43 Checking for update using Github
2025-01-06 02:51:43 Success.
2025-01-06 02:51:43 Latest version is 1.7.7
2025-01-06 02:51:43 App is up to date.
2025-01-06 03:51:43 Checking for update using Github
2025-01-06 03:51:43 Success.
2025-01-06 03:51:43 Latest version is 1.7.7
2025-01-06 03:51:43 App is up to date.
2025-01-06 04:51:43 Checking for update using Github
2025-01-06 04:51:43 Success.
2025-01-06 04:51:43 Latest version is 1.7.7
2025-01-06 04:51:43 App is up to date.
2025-01-06 05:51:43 Checking for update using Github
2025-01-06 05:51:43 Failed to check for update using Github (net::ERR_INTERNET_DISCONNECTED)
2025-01-06 05:51:43 Checking for update using obsidian.md
2025-01-06 05:51:43 Failed to check for update using obsidian.md (net::ERR_INTERNET_DISCONNECTED)
2025-01-06 12:38:39 Loading updated app package /home/noon/.config/obsidian/obsidian-1.7.7.asar
2025-01-06 12:38:48 Checking for update using Github
2025-01-06 12:38:54 Success.
2025-01-06 12:38:54 Latest version is 1.7.7
2025-01-06 12:38:54 App is up to date.
2025-01-06 12:40:28 Loading updated app package /home/noon/.config/obsidian/obsidian-1.7.7.asar
2025-01-06 12:40:29 Checking for update using Github
2025-01-06 12:40:29 Success.
2025-01-06 12:40:29 Latest version is 1.7.7
2025-01-06 12:40:29 App is up to date.
2025-01-06 20:57:08 Loading updated app package /home/noon/.config/obsidian/obsidian-1.7.7.asar
2025-01-06 20:57:13 Checking for update using Github
2025-01-06 20:57:15 Success.
2025-01-06 20:57:15 Latest version is 1.7.7
2025-01-06 20:57:15 App is up to date.
2025-01-07 17:59:37 Loading updated app package /home/noon/.config/obsidian/obsidian-1.7.7.asar
2025-01-07 17:59:39 Checking for update using Github
2025-01-07 17:59:41 Success.
2025-01-07 17:59:41 Latest version is 1.7.7
2025-01-07 17:59:41 App is up to date.
2025-01-07 18:01:41 Loading updated app package /home/noon/.config/obsidian/obsidian-1.7.7.asar
2025-01-07 18:01:42 Checking for update using Github
2025-01-07 18:01:42 Success.
2025-01-07 18:01:42 Latest version is 1.7.7
2025-01-07 18:01:42 App is up to date.
2025-01-09 05:18:38 Loading updated app package /home/noon/.config/obsidian/obsidian-1.7.7.asar
2025-01-09 05:18:39 Checking for update using Github
2025-01-09 05:18:39 Success.
2025-01-09 05:18:39 Latest version is 1.7.7
2025-01-09 05:18:39 App is up to date.
2025-01-09 06:18:38 Checking for update using Github
2025-01-09 06:18:38 Success.
2025-01-09 06:18:38 Latest version is 1.7.7
2025-01-09 06:18:38 App is up to date.
2025-01-09 07:18:38 Checking for update using Github
2025-01-09 07:18:38 Success.
2025-01-09 07:18:38 Latest version is 1.7.7
2025-01-09 07:18:38 App is up to date.
2025-01-09 08:18:38 Checking for update using Github
2025-01-09 08:18:38 Success.
2025-01-09 08:18:38 Latest version is 1.7.7
2025-01-09 08:18:38 App is up to date.
2025-01-09 09:18:38 Checking for update using Github
2025-01-09 09:18:38 Success.
2025-01-09 09:18:38 Latest version is 1.7.7
2025-01-09 09:18:38 App is up to date.
2025-01-09 10:18:38 Checking for update using Github
2025-01-09 10:18:38 Success.
2025-01-09 10:18:38 Latest version is 1.7.7
2025-01-09 10:18:38 App is up to date.
2025-01-24 16:02:25 Loading updated app package /home/noon/.config/obsidian/obsidian-1.7.7.asar
2025-01-24 16:02:28 Checking for update using Github
2025-01-24 16:02:31 Success.
2025-01-24 16:02:31 Latest version is 1.7.7
2025-01-24 16:02:31 App is up to date.
2025-01-24 17:02:25 Checking for update using Github
2025-01-24 17:02:25 Success.
2025-01-24 17:02:25 Latest version is 1.7.7
2025-01-24 17:02:25 App is up to date.
2025-01-24 18:02:25 Checking for update using Github
2025-01-24 18:02:26 Success.
2025-01-24 18:02:26 Latest version is 1.7.7
2025-01-24 18:02:26 App is up to date.
2025-01-25 01:17:52 Loading updated app package /home/noon/.config/obsidian/obsidian-1.7.7.asar
2025-01-25 01:17:55 Checking for update using Github
2025-01-25 01:17:56 Success.
2025-01-25 01:17:56 Latest version is 1.7.7
2025-01-25 01:17:56 App is up to date.
2025-01-25 01:41:45 Loading updated app package /home/noon/.config/obsidian/obsidian-1.7.7.asar
2025-01-25 01:41:46 Checking for update using Github
2025-01-25 01:41:47 Success.
2025-01-25 01:41:47 Latest version is 1.7.7
2025-01-25 01:41:47 App is up to date.
2025-01-25 01:45:39 Loading updated app package /home/noon/.config/obsidian/obsidian-1.7.7.asar
2025-01-25 01:45:40 Checking for update using Github
2025-01-25 01:45:40 Success.
2025-01-25 01:45:40 Latest version is 1.7.7
2025-01-25 01:45:40 App is up to date.
2025-01-25 02:25:21 Loading updated app package /home/noon/.config/obsidian/obsidian-1.7.7.asar
2025-01-25 02:25:21 Checking for update using Github
2025-01-25 02:25:22 Success.
2025-01-25 02:25:22 Latest version is 1.7.7
2025-01-25 02:25:22 App is up to date.
2025-01-25 02:30:06 Loading updated app package /home/noon/.config/obsidian/obsidian-1.7.7.asar
2025-01-25 02:30:07 Checking for update using Github
2025-01-25 02:30:07 Success.
2025-01-25 02:30:07 Latest version is 1.7.7
2025-01-25 02:30:07 App is up to date.
2025-01-25 02:40:15 Loading updated app package /home/noon/.config/obsidian/obsidian-1.7.7.asar
2025-01-25 02:40:15 Checking for update using Github
2025-01-25 02:40:16 Success.
2025-01-25 02:40:16 Latest version is 1.7.7
2025-01-25 02:40:16 App is up to date.
2025-01-25 03:40:15 Checking for update using Github
2025-01-25 03:40:15 Success.
2025-01-25 03:40:15 Latest version is 1.7.7
2025-01-25 03:40:15 App is up to date.
2025-01-26 15:37:56 Loading updated app package /home/noon/.config/obsidian/obsidian-1.7.7.asar
2025-01-26 15:37:58 Checking for update using Github
2025-01-26 15:38:01 Success.
2025-01-26 15:38:01 Latest version is 1.7.7
2025-01-26 15:38:01 App is up to date.
2025-01-26 16:37:56 Checking for update using Github
2025-01-26 16:37:56 Success.
2025-01-26 16:37:56 Latest version is 1.7.7
2025-01-26 16:37:56 App is up to date.
2025-01-27 23:30:55 Loading updated app package /home/noon/.config/obsidian/obsidian-1.7.7.asar
2025-01-27 23:30:57 Checking for update using Github
2025-01-27 23:31:00 Success.
2025-01-27 23:31:00 Latest version is 1.7.7
2025-01-27 23:31:00 App is up to date.
2025-01-28 00:30:55 Checking for update using Github
2025-01-28 00:30:55 Success.
2025-01-28 00:30:55 Latest version is 1.7.7
2025-01-28 00:30:55 App is up to date.
2025-01-28 01:30:55 Checking for update using Github
2025-01-28 01:30:55 Success.
2025-01-28 01:30:55 Latest version is 1.7.7
2025-01-28 01:30:55 App is up to date.
2025-01-28 02:30:55 Checking for update using Github
2025-01-28 02:30:55 Success.
2025-01-28 02:30:55 Latest version is 1.7.7
2025-01-28 02:30:55 App is up to date.
2025-01-30 23:00:51 Loading updated app package /home/noon/.config/obsidian/obsidian-1.7.7.asar
2025-01-30 23:00:54 Checking for update using Github
2025-01-30 23:00:57 Success.
2025-01-30 23:00:57 Latest version is 1.8.3
2025-01-30 23:00:57 Downloading update from https://github.com/obsidianmd/obsidian-releases/releases/download/v1.8.3/obsidian-1.8.3.asar.gz
2025-01-30 23:01:01 Verifying hash & signature. Size= 8123758
2025-01-30 23:01:01 Saving file
2025-01-30 23:01:01 Update complete.
2025-01-30 23:05:42 Loading updated app package /home/noon/.config/obsidian/obsidian-1.8.3.asar
2025-01-30 23:05:44 Checking for update using Github
2025-01-30 23:05:45 Success.
2025-01-30 23:05:45 Latest version is 1.8.3
2025-01-30 23:05:45 App is up to date.
2025-01-30 23:10:41 Loading updated app package /home/noon/.config/obsidian/obsidian-1.8.3.asar
2025-01-30 23:10:43 Checking for update using Github
2025-01-30 23:10:44 Success.
2025-01-30 23:10:44 Latest version is 1.8.3
2025-01-30 23:10:44 App is up to date.
2025-02-08 15:38:15 Loading updated app package /home/noon/.config/obsidian/obsidian-1.8.3.asar
2025-02-08 15:38:16 Checking for update using Github
2025-02-08 15:38:17 Success.
2025-02-08 15:38:17 Latest version is 1.8.4
2025-02-08 15:38:17 Downloading update from https://github.com/obsidianmd/obsidian-releases/releases/download/v1.8.4/obsidian-1.8.4.asar.gz
2025-02-08 15:38:24 Verifying hash & signature. Size= 8123782
2025-02-08 15:38:24 Saving file
2025-02-08 15:38:24 Update complete.
2025-02-14 15:45:23 Loading updated app package /home/noon/.config/obsidian/obsidian-1.8.4.asar
2025-02-14 15:45:26 Checking for update using Github
2025-02-14 15:45:31 Success.
2025-02-14 15:45:31 Latest version is 1.8.4
2025-02-14 15:45:31 App is up to date.
